Using pre-set license
Built from '2020.3/staging' branch; Version is '2020.3.5f1 (8095aa901b9b) revision 8426922'; Using compiler version '192528614'; Build Type 'Release'
OS: 'Windows 10 Home; OS build 19042.1083; Version 2009; 64bit' Language: 'pt' Physical Memory: 10187 MB
BatchMode: 1, IsHumanControllingUs: 0, StartBugReporterOnCrash: 0, Is64bit: 1, IsPro: 0

 COMMAND LINE ARGUMENTS:
D:\Unity\2020.3.5f1\Editor\Unity.exe
-adb2
-batchMode
-noUpm
-name
AssetImportWorker0
-projectPath
C:/Users/tiago/Desktop/The Inherited Treasure/The-Inherited-Treasure-Project/The Inherited Treasure Game
-logFile
Logs/AssetImportWorker0.log
-srvPort
64402
Successfully changed project path to: C:/Users/tiago/Desktop/The Inherited Treasure/The-Inherited-Treasure-Project/The Inherited Treasure Game
C:/Users/tiago/Desktop/The Inherited Treasure/The-Inherited-Treasure-Project/The Inherited Treasure Game
Using Asset Import Pipeline V2.
Refreshing native plugins compatible for Editor in 47.29 ms, found 0 plugins.
Preloading 0 native plugins for Editor in 0.00 ms.
Initialize engine version: 2020.3.5f1 (8095aa901b9b)
[Subsystems] Discovering subsystems at path D:/Unity/2020.3.5f1/Editor/Data/Resources/UnitySubsystems
[Subsystems] Discovering subsystems at path C:/Users/tiago/Desktop/The Inherited Treasure/The-Inherited-Treasure-Project/The Inherited Treasure Game/Assets
GfxDevice: creating device client; threaded=0
Direct3D:
    Version:  Direct3D 11.0 [level 11.1]
    Renderer: AMD Radeon(TM) RX Vega 10 Graphics (ID=0x15d8)
    Vendor:   
    VRAM:     5093 MB
    Driver:   27.20.14544.6
Initialize mono
Mono path[0] = 'D:/Unity/2020.3.5f1/Editor/Data/Managed'
Mono path[1] = 'D:/Unity/2020.3.5f1/Editor/Data/MonoBleedingEdge/lib/mono/unityjit'
Mono config path = 'D:/Unity/2020.3.5f1/Editor/Data/MonoBleedingEdge/etc'
Using monoOptions --debugger-agent=transport=dt_socket,embedding=1,server=y,suspend=n,address=127.0.0.1:56788
Begin MonoManager ReloadAssembly
Registering precompiled unity dll's ...
Register platform support module: D:/Unity/2020.3.5f1/Editor/Data/PlaybackEngines/WebGLSupport/UnityEditor.WebGL.Extensions.dll
Register platform support module: D:/Unity/2020.3.5f1/Editor/Data/PlaybackEngines/WindowsStandaloneSupport/UnityEditor.WindowsStandalone.Extensions.dll
Registered in 0.001506 seconds.
Native extension for WindowsStandalone target not found
Native extension for WebGL target not found
Refreshing native plugins compatible for Editor in 49.62 ms, found 0 plugins.
Preloading 0 native plugins for Editor in 0.00 ms.
Mono: successfully reloaded assembly
- Completed reload, in  1.485 seconds
Platform modules already initialized, skipping
Registering precompiled user dll's ...
Registered in 0.000944 seconds.
Begin MonoManager ReloadAssembly
Native extension for WindowsStandalone target not found
Native extension for WebGL target not found
Refreshing native plugins compatible for Editor in 0.40 ms, found 0 plugins.
Preloading 0 native plugins for Editor in 0.00 ms.
Mono: successfully reloaded assembly
- Completed reload, in  1.341 seconds
Platform modules already initialized, skipping
========================================================================
Worker process is ready to serve import requests
Launched and connected shader compiler UnityShaderCompiler.exe after 0.08 seconds
Refreshing native plugins compatible for Editor in 0.40 ms, found 0 plugins.
Preloading 0 native plugins for Editor in 0.00 ms.
Unloading 1186 Unused Serialized files (Serialized files now loaded: 0)
System memory in use before: 62.5 MB.
System memory in use after: 62.5 MB.

Unloading 9 unused Assets to reduce memory usage. Loaded Objects now: 1634.
Total: 3.442300 ms (FindLiveObjects: 0.582500 ms CreateObjectMapping: 0.218800 ms MarkObjects: 2.528000 ms  DeleteObjects: 0.109800 ms)

========================================================================
Received Import Request.
  path: Assets/Scenes/ChessLevel.unity
  artifactKey: Guid(55b7d3233219aab44b52f77c1ae20a75) Importer(815301076,1909f56bfc062723c751e8b465ee728b)
Start importing Assets/Scenes/ChessLevel.unity using Guid(55b7d3233219aab44b52f77c1ae20a75) Importer(815301076,1909f56bfc062723c751e8b465ee728b)  -> (artifact id: 'd414ea7c88a08152824fe0a2e5928da5') in 0.015541 seconds
  Import took 0.018667 seconds .

========================================================================
Received Import Request.
  Time since last request: 0.586986 seconds.
  path: Assets/Scenes/ChessLevel.unity
  artifactKey: Guid(55b7d3233219aab44b52f77c1ae20a75) Importer(815301076,1909f56bfc062723c751e8b465ee728b)
Start importing Assets/Scenes/ChessLevel.unity using Guid(55b7d3233219aab44b52f77c1ae20a75) Importer(815301076,1909f56bfc062723c751e8b465ee728b)  -> (artifact id: 'd414ea7c88a08152824fe0a2e5928da5') in 0.003818 seconds
  Import took 0.007659 seconds .

========================================================================
Received Prepare
Registering precompiled user dll's ...
Registered in 0.001677 seconds.
Begin MonoManager ReloadAssembly
Native extension for WindowsStandalone target not found
Native extension for WebGL target not found
Refreshing native plugins compatible for Editor in 0.74 ms, found 0 plugins.
Preloading 0 native plugins for Editor in 0.00 ms.
Mono: successfully reloaded assembly
- Completed reload, in  1.786 seconds
Platform modules already initialized, skipping
Refreshing native plugins compatible for Editor in 0.54 ms, found 0 plugins.
Preloading 0 native plugins for Editor in 0.00 ms.
Unloading 1167 Unused Serialized files (Serialized files now loaded: 0)
System memory in use before: 61.0 MB.
System memory in use after: 61.1 MB.

Unloading 4 unused Assets to reduce memory usage. Loaded Objects now: 1637.
Total: 3.336700 ms (FindLiveObjects: 0.319100 ms CreateObjectMapping: 0.108600 ms MarkObjects: 2.874000 ms  DeleteObjects: 0.032800 ms)

========================================================================
Received Import Request.
  Time since last request: 60.214750 seconds.
  path: Assets/Scripts/Obstacle course
  artifactKey: Guid(2f2b6c1f956c93740a1c312a3667d5c9) Importer(815301076,1909f56bfc062723c751e8b465ee728b)
Start importing Assets/Scripts/Obstacle course using Guid(2f2b6c1f956c93740a1c312a3667d5c9) Importer(815301076,1909f56bfc062723c751e8b465ee728b)  -> (artifact id: '58c7a04b53107c4f44f8f00d29ec491b') in 0.009226 seconds
  Import took 0.012894 seconds .

========================================================================
Received Import Request.
  Time since last request: 6.471509 seconds.
  path: Assets/Scripts/MazeLevel
  artifactKey: Guid(e230fedc1060743468bb31609d1461f0) Importer(815301076,1909f56bfc062723c751e8b465ee728b)
Start importing Assets/Scripts/MazeLevel using Guid(e230fedc1060743468bb31609d1461f0) Importer(815301076,1909f56bfc062723c751e8b465ee728b)  -> (artifact id: 'a5fb71db40167a7ae1f28a4a2f80ca20') in 0.004205 seconds
  Import took 0.007834 seconds .

========================================================================
Received Import Request.
  Time since last request: 5.910092 seconds.
  path: Assets/Scripts/General/DisableTutorial.cs
  artifactKey: Guid(11efe586e8782a74abed3a4ad8564e8a) Importer(815301076,1909f56bfc062723c751e8b465ee728b)
Start importing Assets/Scripts/General/DisableTutorial.cs using Guid(11efe586e8782a74abed3a4ad8564e8a) Importer(815301076,1909f56bfc062723c751e8b465ee728b)  -> (artifact id: 'f1d16407b0cdeb4cfbdd438d54edb816') in 0.039350 seconds
  Import took 0.042572 seconds .

========================================================================
Received Import Request.
  Time since last request: 0.340176 seconds.
  path: Assets/Scripts/General/GameOver.cs
  artifactKey: Guid(d542520ea959a194b80d622ef2c060ce) Importer(815301076,1909f56bfc062723c751e8b465ee728b)
Start importing Assets/Scripts/General/GameOver.cs using Guid(d542520ea959a194b80d622ef2c060ce) Importer(815301076,1909f56bfc062723c751e8b465ee728b)  -> (artifact id: 'c8f58a18bcf9f0852a67b061534df011') in 0.004569 seconds
  Import took 0.007674 seconds .

========================================================================
Received Import Request.
  Time since last request: 0.332136 seconds.
  path: Assets/Scripts/General/GameWon.cs
  artifactKey: Guid(7664d2201ce64124b97665487c33332f) Importer(815301076,1909f56bfc062723c751e8b465ee728b)
Start importing Assets/Scripts/General/GameWon.cs using Guid(7664d2201ce64124b97665487c33332f) Importer(815301076,1909f56bfc062723c751e8b465ee728b)  -> (artifact id: '69bee7ad7658fcdaeabfc3a13faa9b9c') in 0.002930 seconds
  Import took 0.005561 seconds .

========================================================================
Received Import Request.
  Time since last request: 0.003695 seconds.
  path: Assets/Scripts/General/GameWon.cs
  artifactKey: Guid(7664d2201ce64124b97665487c33332f) Importer(815301076,1909f56bfc062723c751e8b465ee728b)
Start importing Assets/Scripts/General/GameWon.cs using Guid(7664d2201ce64124b97665487c33332f) Importer(815301076,1909f56bfc062723c751e8b465ee728b)  -> (artifact id: '69bee7ad7658fcdaeabfc3a13faa9b9c') in 0.003139 seconds
  Import took 0.005933 seconds .

========================================================================
Received Import Request.
  Time since last request: 0.434645 seconds.
  path: Assets/Scripts/General/LevelCompletedMenu.cs
  artifactKey: Guid(328d81ce4f872074fb6777daa058f7f7) Importer(815301076,1909f56bfc062723c751e8b465ee728b)
Start importing Assets/Scripts/General/LevelCompletedMenu.cs using Guid(328d81ce4f872074fb6777daa058f7f7) Importer(815301076,1909f56bfc062723c751e8b465ee728b)  -> (artifact id: '94ea1db209c2e001531ae14f9dec1620') in 0.005029 seconds
  Import took 0.009085 seconds .

========================================================================
Received Import Request.
  Time since last request: 0.745053 seconds.
  path: Assets/Scripts/General/MainMenu.cs
  artifactKey: Guid(0a32af4046ed6404782cde0fedea6412) Importer(815301076,1909f56bfc062723c751e8b465ee728b)
Start importing Assets/Scripts/General/MainMenu.cs using Guid(0a32af4046ed6404782cde0fedea6412) Importer(815301076,1909f56bfc062723c751e8b465ee728b)  -> (artifact id: '366afad7dd6e1b9f3d468742e6bd747e') in 0.003430 seconds
  Import took 0.006390 seconds .

========================================================================
Received Import Request.
  Time since last request: 0.001674 seconds.
  path: Assets/Scripts/General/MainMenu.cs
  artifactKey: Guid(0a32af4046ed6404782cde0fedea6412) Importer(815301076,1909f56bfc062723c751e8b465ee728b)
Start importing Assets/Scripts/General/MainMenu.cs using Guid(0a32af4046ed6404782cde0fedea6412) Importer(815301076,1909f56bfc062723c751e8b465ee728b)  -> (artifact id: '366afad7dd6e1b9f3d468742e6bd747e') in 0.003620 seconds
  Import took 0.006568 seconds .

========================================================================
Received Import Request.
  Time since last request: 0.492551 seconds.
  path: Assets/Scripts/General/NextLevelMenu.cs
  artifactKey: Guid(a9513f01be13da54a91d40e8107b114a) Importer(815301076,1909f56bfc062723c751e8b465ee728b)
Start importing Assets/Scripts/General/NextLevelMenu.cs using Guid(a9513f01be13da54a91d40e8107b114a) Importer(815301076,1909f56bfc062723c751e8b465ee728b)  -> (artifact id: '0687ddccf291fdab1e0edb6146cfad6b') in 0.003936 seconds
  Import took 0.007564 seconds .

========================================================================
Received Import Request.
  Time since last request: 0.001543 seconds.
  path: Assets/Scripts/General/NextLevelMenu.cs
  artifactKey: Guid(a9513f01be13da54a91d40e8107b114a) Importer(815301076,1909f56bfc062723c751e8b465ee728b)
Start importing Assets/Scripts/General/NextLevelMenu.cs using Guid(a9513f01be13da54a91d40e8107b114a) Importer(815301076,1909f56bfc062723c751e8b465ee728b)  -> (artifact id: '0687ddccf291fdab1e0edb6146cfad6b') in 0.004000 seconds
  Import took 0.006865 seconds .

========================================================================
Received Import Request.
  Time since last request: 0.375490 seconds.
  path: Assets/Scripts/General/PopUpSystem.cs
  artifactKey: Guid(f0ab710900c310940899db4b0f9a78d0) Importer(815301076,1909f56bfc062723c751e8b465ee728b)
Start importing Assets/Scripts/General/PopUpSystem.cs using Guid(f0ab710900c310940899db4b0f9a78d0) Importer(815301076,1909f56bfc062723c751e8b465ee728b)  -> (artifact id: '4be190b70daca5e0dff8696c5f72fb89') in 0.004278 seconds
  Import took 0.006856 seconds .

========================================================================
Received Import Request.
  Time since last request: 0.369804 seconds.
  path: Assets/Scripts/General/SaveSystem.cs
  artifactKey: Guid(122fe41e39c590e4d99e5f9fff75f072) Importer(815301076,1909f56bfc062723c751e8b465ee728b)
Start importing Assets/Scripts/General/SaveSystem.cs using Guid(122fe41e39c590e4d99e5f9fff75f072) Importer(815301076,1909f56bfc062723c751e8b465ee728b)  -> (artifact id: '768bd41c48732f1f6711ff04e0d0defb') in 0.003815 seconds
  Import took 0.007158 seconds .

========================================================================
Received Import Request.
  Time since last request: 0.001730 seconds.
  path: Assets/Scripts/General/SaveSystem.cs
  artifactKey: Guid(122fe41e39c590e4d99e5f9fff75f072) Importer(815301076,1909f56bfc062723c751e8b465ee728b)
Start importing Assets/Scripts/General/SaveSystem.cs using Guid(122fe41e39c590e4d99e5f9fff75f072) Importer(815301076,1909f56bfc062723c751e8b465ee728b)  -> (artifact id: '768bd41c48732f1f6711ff04e0d0defb') in 0.003429 seconds
  Import took 0.006167 seconds .

========================================================================
Received Import Request.
  Time since last request: 86.187173 seconds.
  path: Assets/Scripts/MazeLevel/MazeGame.cs
  artifactKey: Guid(2997efa21f920df4badbb19fb0eb0794) Importer(815301076,1909f56bfc062723c751e8b465ee728b)
Start importing Assets/Scripts/MazeLevel/MazeGame.cs using Guid(2997efa21f920df4badbb19fb0eb0794) Importer(815301076,1909f56bfc062723c751e8b465ee728b)  -> (artifact id: 'bca8aa8785d4c1aa116208ecd59cac58') in 0.004148 seconds
  Import took 0.007430 seconds .

========================================================================
Received Import Request.
  Time since last request: 0.008049 seconds.
  path: Assets/Scripts/MazeLevel/MazeGame.cs
  artifactKey: Guid(2997efa21f920df4badbb19fb0eb0794) Importer(815301076,1909f56bfc062723c751e8b465ee728b)
Start importing Assets/Scripts/MazeLevel/MazeGame.cs using Guid(2997efa21f920df4badbb19fb0eb0794) Importer(815301076,1909f56bfc062723c751e8b465ee728b)  -> (artifact id: 'bca8aa8785d4c1aa116208ecd59cac58') in 0.003554 seconds
  Import took 0.007448 seconds .

========================================================================
Received Prepare
Registering precompiled user dll's ...
Registered in 0.001140 seconds.
Begin MonoManager ReloadAssembly
Native extension for WindowsStandalone target not found
Native extension for WebGL target not found
Refreshing native plugins compatible for Editor in 0.34 ms, found 0 plugins.
Preloading 0 native plugins for Editor in 0.00 ms.
Mono: successfully reloaded assembly
- Completed reload, in  1.218 seconds
Platform modules already initialized, skipping
Refreshing native plugins compatible for Editor in 0.34 ms, found 0 plugins.
Preloading 0 native plugins for Editor in 0.00 ms.
Unloading 1168 Unused Serialized files (Serialized files now loaded: 0)
System memory in use before: 61.1 MB.
System memory in use after: 61.2 MB.

Unloading 4 unused Assets to reduce memory usage. Loaded Objects now: 1641.
Total: 2.437100 ms (FindLiveObjects: 0.207900 ms CreateObjectMapping: 0.040300 ms MarkObjects: 2.159400 ms  DeleteObjects: 0.027600 ms)

========================================================================
Received Prepare
Registering precompiled user dll's ...
Registered in 0.001277 seconds.
Begin MonoManager ReloadAssembly
Native extension for WindowsStandalone target not found
Native extension for WebGL target not found
Refreshing native plugins compatible for Editor in 0.41 ms, found 0 plugins.
Preloading 0 native plugins for Editor in 0.00 ms.
Mono: successfully reloaded assembly
- Completed reload, in  1.218 seconds
Platform modules already initialized, skipping
Refreshing native plugins compatible for Editor in 0.48 ms, found 0 plugins.
Preloading 0 native plugins for Editor in 0.00 ms.
Unloading 1168 Unused Serialized files (Serialized files now loaded: 0)
System memory in use before: 61.1 MB.
System memory in use after: 61.2 MB.

Unloading 4 unused Assets to reduce memory usage. Loaded Objects now: 1644.
Total: 3.207000 ms (FindLiveObjects: 0.352700 ms CreateObjectMapping: 0.053500 ms MarkObjects: 2.770300 ms  DeleteObjects: 0.027700 ms)

========================================================================
Received Prepare
Registering precompiled user dll's ...
Registered in 0.001327 seconds.
Begin MonoManager ReloadAssembly
Native extension for WindowsStandalone target not found
Native extension for WebGL target not found
Refreshing native plugins compatible for Editor in 0.50 ms, found 0 plugins.
Preloading 0 native plugins for Editor in 0.00 ms.
Mono: successfully reloaded assembly
- Completed reload, in  1.255 seconds
Platform modules already initialized, skipping
Refreshing native plugins compatible for Editor in 0.33 ms, found 0 plugins.
Preloading 0 native plugins for Editor in 0.00 ms.
Unloading 1168 Unused Serialized files (Serialized files now loaded: 0)
System memory in use before: 61.1 MB.
System memory in use after: 61.2 MB.

Unloading 4 unused Assets to reduce memory usage. Loaded Objects now: 1647.
Total: 2.343600 ms (FindLiveObjects: 0.207800 ms CreateObjectMapping: 0.040800 ms MarkObjects: 2.031500 ms  DeleteObjects: 0.061300 ms)

========================================================================
Received Prepare
Registering precompiled user dll's ...
Registered in 0.000974 seconds.
Begin MonoManager ReloadAssembly
Native extension for WindowsStandalone target not found
Native extension for WebGL target not found
Refreshing native plugins compatible for Editor in 2.31 ms, found 0 plugins.
Preloading 0 native plugins for Editor in 0.00 ms.
Mono: successfully reloaded assembly
- Completed reload, in  1.190 seconds
Platform modules already initialized, skipping
Refreshing native plugins compatible for Editor in 0.34 ms, found 0 plugins.
Preloading 0 native plugins for Editor in 0.00 ms.
Unloading 1168 Unused Serialized files (Serialized files now loaded: 0)
System memory in use before: 61.1 MB.
System memory in use after: 61.2 MB.

Unloading 4 unused Assets to reduce memory usage. Loaded Objects now: 1650.
Total: 3.116000 ms (FindLiveObjects: 0.195200 ms CreateObjectMapping: 0.035800 ms MarkObjects: 2.857300 ms  DeleteObjects: 0.025800 ms)

========================================================================
Received Prepare
Registering precompiled user dll's ...
Registered in 0.001058 seconds.
Begin MonoManager ReloadAssembly
Native extension for WindowsStandalone target not found
Native extension for WebGL target not found
Refreshing native plugins compatible for Editor in 0.34 ms, found 0 plugins.
Preloading 0 native plugins for Editor in 0.00 ms.
Mono: successfully reloaded assembly
- Completed reload, in  1.166 seconds
Platform modules already initialized, skipping
Refreshing native plugins compatible for Editor in 0.57 ms, found 0 plugins.
Preloading 0 native plugins for Editor in 0.00 ms.
Unloading 1168 Unused Serialized files (Serialized files now loaded: 0)
System memory in use before: 61.1 MB.
System memory in use after: 61.2 MB.

Unloading 4 unused Assets to reduce memory usage. Loaded Objects now: 1653.
Total: 2.861500 ms (FindLiveObjects: 0.255300 ms CreateObjectMapping: 0.056800 ms MarkObjects: 2.519600 ms  DeleteObjects: 0.027400 ms)

========================================================================
Received Prepare
Registering precompiled user dll's ...
Registered in 0.001665 seconds.
Begin MonoManager ReloadAssembly
Native extension for WindowsStandalone target not found
Native extension for WebGL target not found
Refreshing native plugins compatible for Editor in 0.49 ms, found 0 plugins.
Preloading 0 native plugins for Editor in 0.00 ms.
Mono: successfully reloaded assembly
- Completed reload, in  1.110 seconds
Platform modules already initialized, skipping
Refreshing native plugins compatible for Editor in 0.35 ms, found 0 plugins.
Preloading 0 native plugins for Editor in 0.00 ms.
Unloading 1168 Unused Serialized files (Serialized files now loaded: 0)
System memory in use before: 61.1 MB.
System memory in use after: 61.2 MB.

Unloading 4 unused Assets to reduce memory usage. Loaded Objects now: 1656.
Total: 3.223700 ms (FindLiveObjects: 0.308300 ms CreateObjectMapping: 0.096000 ms MarkObjects: 2.791000 ms  DeleteObjects: 0.026300 ms)

========================================================================
Received Prepare
Registering precompiled user dll's ...
Registered in 0.001150 seconds.
Begin MonoManager ReloadAssembly
Native extension for WindowsStandalone target not found
Native extension for WebGL target not found
Refreshing native plugins compatible for Editor in 0.61 ms, found 0 plugins.
Preloading 0 native plugins for Editor in 0.00 ms.
Mono: successfully reloaded assembly
- Completed reload, in  1.185 seconds
Platform modules already initialized, skipping
Refreshing native plugins compatible for Editor in 0.72 ms, found 0 plugins.
Preloading 0 native plugins for Editor in 0.00 ms.
Unloading 1168 Unused Serialized files (Serialized files now loaded: 0)
System memory in use before: 61.1 MB.
System memory in use after: 61.2 MB.

Unloading 4 unused Assets to reduce memory usage. Loaded Objects now: 1659.
Total: 3.584400 ms (FindLiveObjects: 0.429000 ms CreateObjectMapping: 0.182100 ms MarkObjects: 2.931900 ms  DeleteObjects: 0.038600 ms)

========================================================================
Received Import Request.
  Time since last request: 1022.259898 seconds.
  path: Assets/Scenes/ChessLevel.unity
  artifactKey: Guid(55b7d3233219aab44b52f77c1ae20a75) Importer(815301076,1909f56bfc062723c751e8b465ee728b)
Start importing Assets/Scenes/ChessLevel.unity using Guid(55b7d3233219aab44b52f77c1ae20a75) Importer(815301076,1909f56bfc062723c751e8b465ee728b)  -> (artifact id: 'abcdfde85a7526878da7948dead697aa') in 0.021262 seconds
  Import took 0.024841 seconds .

========================================================================
Received Prepare
Registering precompiled user dll's ...
Registered in 0.001208 seconds.
Begin MonoManager ReloadAssembly
Native extension for WindowsStandalone target not found
Native extension for WebGL target not found
Refreshing native plugins compatible for Editor in 0.56 ms, found 0 plugins.
Preloading 0 native plugins for Editor in 0.00 ms.
Mono: successfully reloaded assembly
- Completed reload, in  1.163 seconds
Platform modules already initialized, skipping
Refreshing native plugins compatible for Editor in 0.33 ms, found 0 plugins.
Preloading 0 native plugins for Editor in 0.00 ms.
Unloading 1168 Unused Serialized files (Serialized files now loaded: 0)
System memory in use before: 61.1 MB.
System memory in use after: 61.2 MB.

Unloading 4 unused Assets to reduce memory usage. Loaded Objects now: 1662.
Total: 2.382500 ms (FindLiveObjects: 0.266000 ms CreateObjectMapping: 0.044900 ms MarkObjects: 2.040100 ms  DeleteObjects: 0.023600 ms)

========================================================================
Received Prepare
Registering precompiled user dll's ...
Registered in 0.001475 seconds.
Begin MonoManager ReloadAssembly
Native extension for WindowsStandalone target not found
Native extension for WebGL target not found
Refreshing native plugins compatible for Editor in 0.49 ms, found 0 plugins.
Preloading 0 native plugins for Editor in 0.00 ms.
Mono: successfully reloaded assembly
- Completed reload, in  1.147 seconds
Platform modules already initialized, skipping
Refreshing native plugins compatible for Editor in 0.33 ms, found 0 plugins.
Preloading 0 native plugins for Editor in 0.00 ms.
Unloading 1168 Unused Serialized files (Serialized files now loaded: 0)
System memory in use before: 61.2 MB.
System memory in use after: 61.3 MB.

Unloading 4 unused Assets to reduce memory usage. Loaded Objects now: 1665.
Total: 2.750700 ms (FindLiveObjects: 0.281500 ms CreateObjectMapping: 0.050000 ms MarkObjects: 2.392200 ms  DeleteObjects: 0.024800 ms)

========================================================================
Received Prepare
Registering precompiled user dll's ...
Registered in 0.001053 seconds.
Begin MonoManager ReloadAssembly
Native extension for WindowsStandalone target not found
Native extension for WebGL target not found
Refreshing native plugins compatible for Editor in 0.47 ms, found 0 plugins.
Preloading 0 native plugins for Editor in 0.00 ms.
Mono: successfully reloaded assembly
- Completed reload, in  1.360 seconds
Platform modules already initialized, skipping
Refreshing native plugins compatible for Editor in 0.53 ms, found 0 plugins.
Preloading 0 native plugins for Editor in 0.00 ms.
Unloading 1168 Unused Serialized files (Serialized files now loaded: 0)
System memory in use before: 61.2 MB.
System memory in use after: 61.3 MB.

Unloading 4 unused Assets to reduce memory usage. Loaded Objects now: 1668.
Total: 3.088300 ms (FindLiveObjects: 0.637900 ms CreateObjectMapping: 0.124200 ms MarkObjects: 2.285500 ms  DeleteObjects: 0.027000 ms)

