Using pre-set license
Built from '2020.3/staging' branch; Version is '2020.3.5f1 (8095aa901b9b) revision 8426922'; Using compiler version '192528614'; Build Type 'Release'
OS: 'Windows 10 Pro; OS build 19041.1083; Version 2004; 64bit' Language: 'pt' Physical Memory: 24519 MB
BatchMode: 1, IsHumanControllingUs: 0, StartBugReporterOnCrash: 0, Is64bit: 1, IsPro: 0

 COMMAND LINE ARGUMENTS:
C:\Program Files\Unity\Hub\Editor\2020.3.5f1\Editor\Unity.exe
-adb2
-batchMode
-noUpm
-name
AssetImportWorker0
-projectPath
D:/Eduardo Ferre Utilizador/Documents/GitHub/The-Inherited-Treasure-Project/The Inherited Treasure Game
-logFile
Logs/AssetImportWorker0.log
-srvPort
29027
Successfully changed project path to: D:/Eduardo Ferre Utilizador/Documents/GitHub/The-Inherited-Treasure-Project/The Inherited Treasure Game
D:/Eduardo Ferre Utilizador/Documents/GitHub/The-Inherited-Treasure-Project/The Inherited Treasure Game
Using Asset Import Pipeline V2.
Refreshing native plugins compatible for Editor in 34.85 ms, found 0 plugins.
Preloading 0 native plugins for Editor in 0.00 ms.
Initialize engine version: 2020.3.5f1 (8095aa901b9b)
[Subsystems] Discovering subsystems at path C:/Program Files/Unity/Hub/Editor/2020.3.5f1/Editor/Data/Resources/UnitySubsystems
[Subsystems] Discovering subsystems at path D:/Eduardo Ferre Utilizador/Documents/GitHub/The-Inherited-Treasure-Project/The Inherited Treasure Game/Assets
GfxDevice: creating device client; threaded=0
Direct3D:
    Version:  Direct3D 11.0 [level 11.1]
    Renderer: NVIDIA GeForce GTX 1660 (ID=0x2184)
    Vendor:   
    VRAM:     5991 MB
    Driver:   27.21.14.6677
Initialize mono
Mono path[0] = 'C:/Program Files/Unity/Hub/Editor/2020.3.5f1/Editor/Data/Managed'
Mono path[1] = 'C:/Program Files/Unity/Hub/Editor/2020.3.5f1/Editor/Data/MonoBleedingEdge/lib/mono/unityjit'
Mono config path = 'C:/Program Files/Unity/Hub/Editor/2020.3.5f1/Editor/Data/MonoBleedingEdge/etc'
Using monoOptions --debugger-agent=transport=dt_socket,embedding=1,server=y,suspend=n,address=127.0.0.1:56884
Begin MonoManager ReloadAssembly
Registering precompiled unity dll's ...
Register platform support module: C:/Program Files/Unity/Hub/Editor/2020.3.5f1/Editor/Data/PlaybackEngines/WebGLSupport/UnityEditor.WebGL.Extensions.dll
Register platform support module: C:/Program Files/Unity/Hub/Editor/2020.3.5f1/Editor/Data/PlaybackEngines/WindowsStandaloneSupport/UnityEditor.WindowsStandalone.Extensions.dll
Registered in 0.003335 seconds.
Native extension for WindowsStandalone target not found
Native extension for WebGL target not found
Refreshing native plugins compatible for Editor in 53.33 ms, found 0 plugins.
Preloading 0 native plugins for Editor in 0.00 ms.
Mono: successfully reloaded assembly
- Completed reload, in  3.303 seconds
Platform modules already initialized, skipping
Registering precompiled user dll's ...
Registered in 0.000658 seconds.
Begin MonoManager ReloadAssembly
Native extension for WindowsStandalone target not found
Native extension for WebGL target not found
Refreshing native plugins compatible for Editor in 0.23 ms, found 0 plugins.
Preloading 0 native plugins for Editor in 0.00 ms.
Mono: successfully reloaded assembly
- Completed reload, in  1.546 seconds
Platform modules already initialized, skipping
========================================================================
Worker process is ready to serve import requests
Launched and connected shader compiler UnityShaderCompiler.exe after 0.09 seconds
Refreshing native plugins compatible for Editor in 0.23 ms, found 0 plugins.
Preloading 0 native plugins for Editor in 0.00 ms.
Unloading 1167 Unused Serialized files (Serialized files now loaded: 0)
System memory in use before: 73.0 MB.
System memory in use after: 73.1 MB.

Unloading 9 unused Assets to reduce memory usage. Loaded Objects now: 1626.
Total: 1.742800 ms (FindLiveObjects: 0.170800 ms CreateObjectMapping: 0.048300 ms MarkObjects: 1.443800 ms  DeleteObjects: 0.078400 ms)

========================================================================
Received Import Request.
  path: Assets/TextMesh Pro
  artifactKey: Guid(f54d1bd14bd3ca042bd867b519fee8cc) Importer(815301076,1909f56bfc062723c751e8b465ee728b)
Start importing Assets/TextMesh Pro using Guid(f54d1bd14bd3ca042bd867b519fee8cc) Importer(815301076,1909f56bfc062723c751e8b465ee728b)  -> (artifact id: '9b73fc70b03d95e68e826e952d33ef7e') in 0.010711 seconds
  Import took 0.012817 seconds .

========================================================================
Received Prepare
Registering precompiled user dll's ...
Registered in 0.000641 seconds.
Begin MonoManager ReloadAssembly
Native extension for WindowsStandalone target not found
Native extension for WebGL target not found
Refreshing native plugins compatible for Editor in 0.38 ms, found 0 plugins.
Preloading 0 native plugins for Editor in 0.00 ms.
Mono: successfully reloaded assembly
- Completed reload, in  1.705 seconds
Platform modules already initialized, skipping
Refreshing native plugins compatible for Editor in 0.24 ms, found 0 plugins.
Preloading 0 native plugins for Editor in 0.00 ms.
Unloading 1148 Unused Serialized files (Serialized files now loaded: 0)
System memory in use before: 71.6 MB.
System memory in use after: 71.7 MB.

Unloading 4 unused Assets to reduce memory usage. Loaded Objects now: 1629.
Total: 1.955200 ms (FindLiveObjects: 0.234400 ms CreateObjectMapping: 0.050900 ms MarkObjects: 1.652600 ms  DeleteObjects: 0.015300 ms)

========================================================================
Received Import Request.
  Time since last request: 52.960163 seconds.
  path: Assets/Scripts/ChessLevel/statue1.cs
  artifactKey: Guid(b85792bc185537f4d86517ac6786e7ee) Importer(815301076,1909f56bfc062723c751e8b465ee728b)
Start importing Assets/Scripts/ChessLevel/statue1.cs using Guid(b85792bc185537f4d86517ac6786e7ee) Importer(815301076,1909f56bfc062723c751e8b465ee728b)  -> (artifact id: 'a4f94cf0faa607db36196d6b04cf10dd') in 0.061692 seconds
  Import took 0.065219 seconds .

========================================================================
Received Prepare
Registering precompiled user dll's ...
Registered in 0.000749 seconds.
Begin MonoManager ReloadAssembly
Native extension for WindowsStandalone target not found
Native extension for WebGL target not found
Refreshing native plugins compatible for Editor in 0.91 ms, found 0 plugins.
Preloading 0 native plugins for Editor in 0.00 ms.
Mono: successfully reloaded assembly
- Completed reload, in  2.620 seconds
Platform modules already initialized, skipping
Refreshing native plugins compatible for Editor in 0.26 ms, found 0 plugins.
Preloading 0 native plugins for Editor in 0.00 ms.
Unloading 1148 Unused Serialized files (Serialized files now loaded: 0)
System memory in use before: 71.6 MB.
System memory in use after: 71.7 MB.

Unloading 4 unused Assets to reduce memory usage. Loaded Objects now: 1632.
Total: 4.267500 ms (FindLiveObjects: 0.277900 ms CreateObjectMapping: 0.122700 ms MarkObjects: 3.838500 ms  DeleteObjects: 0.025400 ms)

========================================================================
Received Import Request.
  Time since last request: 16.996243 seconds.
  path: Assets/Scripts/ChessLevel/statue2.cs
  artifactKey: Guid(807c41489c767394fb0806fcd8ef0593) Importer(815301076,1909f56bfc062723c751e8b465ee728b)
Start importing Assets/Scripts/ChessLevel/statue2.cs using Guid(807c41489c767394fb0806fcd8ef0593) Importer(815301076,1909f56bfc062723c751e8b465ee728b)  -> (artifact id: '8509b3ddada5b75ec407b8c2dac028fc') in 0.047291 seconds
  Import took 0.056172 seconds .

========================================================================
Received Import Request.
  Time since last request: 0.000317 seconds.
  path: Assets/Scripts/ChessLevel/statue1.cs
  artifactKey: Guid(b85792bc185537f4d86517ac6786e7ee) Importer(815301076,1909f56bfc062723c751e8b465ee728b)
Start importing Assets/Scripts/ChessLevel/statue1.cs using Guid(b85792bc185537f4d86517ac6786e7ee) Importer(815301076,1909f56bfc062723c751e8b465ee728b)  -> (artifact id: 'c196eec1597503361b4a6525bbd8875a') in 0.012093 seconds
  Import took 0.020844 seconds .

========================================================================
Received Prepare
Registering precompiled user dll's ...
Registered in 0.000716 seconds.
Begin MonoManager ReloadAssembly
Native extension for WindowsStandalone target not found
Native extension for WebGL target not found
Refreshing native plugins compatible for Editor in 0.25 ms, found 0 plugins.
Preloading 0 native plugins for Editor in 0.00 ms.
Mono: successfully reloaded assembly
- Completed reload, in  2.244 seconds
Platform modules already initialized, skipping
Refreshing native plugins compatible for Editor in 0.24 ms, found 0 plugins.
Preloading 0 native plugins for Editor in 0.00 ms.
Unloading 1148 Unused Serialized files (Serialized files now loaded: 0)
System memory in use before: 71.6 MB.
System memory in use after: 71.7 MB.

Unloading 4 unused Assets to reduce memory usage. Loaded Objects now: 1635.
Total: 1.623500 ms (FindLiveObjects: 0.136200 ms CreateObjectMapping: 0.039200 ms MarkObjects: 1.418500 ms  DeleteObjects: 0.028600 ms)

========================================================================
Received Import Request.
  Time since last request: 41.189158 seconds.
  path: Assets/Scripts/ChessLevel/statue4.cs
  artifactKey: Guid(b55980fb1265b454086aa92d8ed7cff0) Importer(815301076,1909f56bfc062723c751e8b465ee728b)
Start importing Assets/Scripts/ChessLevel/statue4.cs using Guid(b55980fb1265b454086aa92d8ed7cff0) Importer(815301076,1909f56bfc062723c751e8b465ee728b)  -> (artifact id: '1adad3339d12158d7e2e2b1b82e77b94') in 0.009153 seconds
  Import took 0.011534 seconds .

========================================================================
Received Import Request.
  Time since last request: 0.000256 seconds.
  path: Assets/Scripts/ChessLevel/statue5.cs
  artifactKey: Guid(c784226f5136bea4f9f422607dced234) Importer(815301076,1909f56bfc062723c751e8b465ee728b)
Start importing Assets/Scripts/ChessLevel/statue5.cs using Guid(c784226f5136bea4f9f422607dced234) Importer(815301076,1909f56bfc062723c751e8b465ee728b)  -> (artifact id: '489466907217fc892477afb0bea11b1f') in 0.007677 seconds
  Import took 0.010432 seconds .

========================================================================
Received Import Request.
  Time since last request: 0.000055 seconds.
  path: Assets/Scripts/ChessLevel/statue3.cs
  artifactKey: Guid(b25cf505f5c4c14418fa56c857418d04) Importer(815301076,1909f56bfc062723c751e8b465ee728b)
Start importing Assets/Scripts/ChessLevel/statue3.cs using Guid(b25cf505f5c4c14418fa56c857418d04) Importer(815301076,1909f56bfc062723c751e8b465ee728b)  -> (artifact id: '8ff99e91cacc13c04878ecb2178b6c2d') in 0.014734 seconds
  Import took 0.017399 seconds .

========================================================================
Received Import Request.
  Time since last request: 2.904230 seconds.
  path: Assets/Scripts/ChessLevel/TurnLightsRedBarrellevel.cs
  artifactKey: Guid(fc0845e05f633af4e8134b8245c23eb6) Importer(815301076,1909f56bfc062723c751e8b465ee728b)
Start importing Assets/Scripts/ChessLevel/TurnLightsRedBarrellevel.cs using Guid(fc0845e05f633af4e8134b8245c23eb6) Importer(815301076,1909f56bfc062723c751e8b465ee728b)  -> (artifact id: '0559de9e0c2a6d9cc06107c32771ea6a') in 0.009355 seconds
  Import took 0.013262 seconds .

========================================================================
Received Import Request.
  Time since last request: 0.002622 seconds.
  path: Assets/Scripts/ChessLevel/TurnLightsRedBarrellevel.cs
  artifactKey: Guid(fc0845e05f633af4e8134b8245c23eb6) Importer(815301076,1909f56bfc062723c751e8b465ee728b)
Start importing Assets/Scripts/ChessLevel/TurnLightsRedBarrellevel.cs using Guid(fc0845e05f633af4e8134b8245c23eb6) Importer(815301076,1909f56bfc062723c751e8b465ee728b)  -> (artifact id: '0559de9e0c2a6d9cc06107c32771ea6a') in 0.006644 seconds
  Import took 0.010805 seconds .

========================================================================
Received Import Request.
  Time since last request: 4.339450 seconds.
  path: Assets/Scripts/BarrelLevel
  artifactKey: Guid(c11d4522d6545bc41a72c11f509bae33) Importer(815301076,1909f56bfc062723c751e8b465ee728b)
Start importing Assets/Scripts/BarrelLevel using Guid(c11d4522d6545bc41a72c11f509bae33) Importer(815301076,1909f56bfc062723c751e8b465ee728b)  -> (artifact id: '68be512e600f54313e4fbe68d567ad0c') in 0.012347 seconds
  Import took 0.015453 seconds .

========================================================================
Received Import Request.
  Time since last request: 19.778150 seconds.
  path: Assets/Scripts/General
  artifactKey: Guid(e03d55a3e44ed564ab35db1b529d6bcb) Importer(815301076,1909f56bfc062723c751e8b465ee728b)
Start importing Assets/Scripts/General using Guid(e03d55a3e44ed564ab35db1b529d6bcb) Importer(815301076,1909f56bfc062723c751e8b465ee728b)  -> (artifact id: 'e701ce8a7f8344b3c9f11623fab4fadb') in 0.011653 seconds
  Import took 0.015260 seconds .

========================================================================
Received Prepare
Registering precompiled user dll's ...
Registered in 0.000702 seconds.
Begin MonoManager ReloadAssembly
Native extension for WindowsStandalone target not found
Native extension for WebGL target not found
Refreshing native plugins compatible for Editor in 0.23 ms, found 0 plugins.
Preloading 0 native plugins for Editor in 0.00 ms.
Mono: successfully reloaded assembly
- Completed reload, in  0.922 seconds
Platform modules already initialized, skipping
Refreshing native plugins compatible for Editor in 0.30 ms, found 0 plugins.
Preloading 0 native plugins for Editor in 0.00 ms.
Unloading 1148 Unused Serialized files (Serialized files now loaded: 0)
System memory in use before: 71.7 MB.
System memory in use after: 71.8 MB.

Unloading 4 unused Assets to reduce memory usage. Loaded Objects now: 1638.
Total: 2.395300 ms (FindLiveObjects: 0.166400 ms CreateObjectMapping: 0.049700 ms MarkObjects: 2.158700 ms  DeleteObjects: 0.018900 ms)

========================================================================
Received Prepare
Registering precompiled user dll's ...
Registered in 0.000651 seconds.
Begin MonoManager ReloadAssembly
Native extension for WindowsStandalone target not found
Native extension for WebGL target not found
Refreshing native plugins compatible for Editor in 0.23 ms, found 0 plugins.
Preloading 0 native plugins for Editor in 0.00 ms.
Mono: successfully reloaded assembly
- Completed reload, in  1.217 seconds
Platform modules already initialized, skipping
Refreshing native plugins compatible for Editor in 0.45 ms, found 0 plugins.
Preloading 0 native plugins for Editor in 0.00 ms.
Unloading 1148 Unused Serialized files (Serialized files now loaded: 0)
System memory in use before: 71.7 MB.
System memory in use after: 71.8 MB.

Unloading 4 unused Assets to reduce memory usage. Loaded Objects now: 1641.
Total: 2.774500 ms (FindLiveObjects: 0.225600 ms CreateObjectMapping: 0.072900 ms MarkObjects: 2.455200 ms  DeleteObjects: 0.018600 ms)

========================================================================
Received Prepare
Registering precompiled user dll's ...
Registered in 0.000650 seconds.
Begin MonoManager ReloadAssembly
Native extension for WindowsStandalone target not found
Native extension for WebGL target not found
Refreshing native plugins compatible for Editor in 0.22 ms, found 0 plugins.
Preloading 0 native plugins for Editor in 0.00 ms.
Mono: successfully reloaded assembly
- Completed reload, in  0.851 seconds
Platform modules already initialized, skipping
Refreshing native plugins compatible for Editor in 0.35 ms, found 0 plugins.
Preloading 0 native plugins for Editor in 0.00 ms.
Unloading 1148 Unused Serialized files (Serialized files now loaded: 0)
System memory in use before: 71.7 MB.
System memory in use after: 71.8 MB.

Unloading 4 unused Assets to reduce memory usage. Loaded Objects now: 1644.
Total: 1.956000 ms (FindLiveObjects: 0.155300 ms CreateObjectMapping: 0.044100 ms MarkObjects: 1.737200 ms  DeleteObjects: 0.017800 ms)

========================================================================
Received Import Request.
  Time since last request: 433.472317 seconds.
  path: Assets/Scripts/ChessLevel/putGemonPedestal.cs
  artifactKey: Guid(ae5f04f15a5121f4c982329b7764ef87) Importer(815301076,1909f56bfc062723c751e8b465ee728b)
Start importing Assets/Scripts/ChessLevel/putGemonPedestal.cs using Guid(ae5f04f15a5121f4c982329b7764ef87) Importer(815301076,1909f56bfc062723c751e8b465ee728b)  -> (artifact id: 'c3c19a0a7acb5e56cc255f8cdddcbb21') in 0.020694 seconds
  Import took 0.023499 seconds .

========================================================================
Received Prepare
Registering precompiled user dll's ...
Registered in 0.000659 seconds.
Begin MonoManager ReloadAssembly
Native extension for WindowsStandalone target not found
Native extension for WebGL target not found
Refreshing native plugins compatible for Editor in 0.23 ms, found 0 plugins.
Preloading 0 native plugins for Editor in 0.00 ms.
Mono: successfully reloaded assembly
- Completed reload, in  0.858 seconds
Platform modules already initialized, skipping
Refreshing native plugins compatible for Editor in 0.25 ms, found 0 plugins.
Preloading 0 native plugins for Editor in 0.00 ms.
Unloading 1149 Unused Serialized files (Serialized files now loaded: 0)
System memory in use before: 71.7 MB.
System memory in use after: 71.8 MB.

Unloading 4 unused Assets to reduce memory usage. Loaded Objects now: 1648.
Total: 1.649100 ms (FindLiveObjects: 0.160200 ms CreateObjectMapping: 0.040100 ms MarkObjects: 1.433700 ms  DeleteObjects: 0.013800 ms)

========================================================================
Received Import Request.
  Time since last request: 4.473763 seconds.
  path: Assets/Scripts/ChessLevel/groundKill.cs
  artifactKey: Guid(3fd3a3a86915ac2429d82d0581465a4f) Importer(815301076,1909f56bfc062723c751e8b465ee728b)
Start importing Assets/Scripts/ChessLevel/groundKill.cs using Guid(3fd3a3a86915ac2429d82d0581465a4f) Importer(815301076,1909f56bfc062723c751e8b465ee728b)  -> (artifact id: '0bb1fcf8b9c98727774c006f82a6087c') in 0.013111 seconds
  Import took 0.015802 seconds .

========================================================================
Received Import Request.
  Time since last request: 0.000451 seconds.
  path: Assets/Scripts/ChessLevel/groundKill.cs
  artifactKey: Guid(3fd3a3a86915ac2429d82d0581465a4f) Importer(815301076,1909f56bfc062723c751e8b465ee728b)
Start importing Assets/Scripts/ChessLevel/groundKill.cs using Guid(3fd3a3a86915ac2429d82d0581465a4f) Importer(815301076,1909f56bfc062723c751e8b465ee728b)  -> (artifact id: '0bb1fcf8b9c98727774c006f82a6087c') in 0.002538 seconds
  Import took 0.006568 seconds .

========================================================================
Received Import Request.
  Time since last request: 188.172681 seconds.
  path: Assets/Scripts/ChessLevel/putGemonPedestal.cs
  artifactKey: Guid(ae5f04f15a5121f4c982329b7764ef87) Importer(815301076,1909f56bfc062723c751e8b465ee728b)
Start importing Assets/Scripts/ChessLevel/putGemonPedestal.cs using Guid(ae5f04f15a5121f4c982329b7764ef87) Importer(815301076,1909f56bfc062723c751e8b465ee728b)  -> (artifact id: 'a357d144634826805849a1da83187c8c') in 0.012029 seconds
  Import took 0.014518 seconds .

========================================================================
Received Prepare
Registering precompiled user dll's ...
Registered in 0.000613 seconds.
Begin MonoManager ReloadAssembly
Native extension for WindowsStandalone target not found
Native extension for WebGL target not found
Refreshing native plugins compatible for Editor in 0.22 ms, found 0 plugins.
Preloading 0 native plugins for Editor in 0.00 ms.
Mono: successfully reloaded assembly
- Completed reload, in  0.935 seconds
Platform modules already initialized, skipping
Refreshing native plugins compatible for Editor in 0.24 ms, found 0 plugins.
Preloading 0 native plugins for Editor in 0.00 ms.
Unloading 1149 Unused Serialized files (Serialized files now loaded: 0)
System memory in use before: 71.7 MB.
System memory in use after: 71.8 MB.

Unloading 4 unused Assets to reduce memory usage. Loaded Objects now: 1651.
Total: 2.455400 ms (FindLiveObjects: 0.193700 ms CreateObjectMapping: 0.040200 ms MarkObjects: 2.181900 ms  DeleteObjects: 0.038500 ms)

========================================================================
Received Prepare
Registering precompiled user dll's ...
Registered in 0.000650 seconds.
Begin MonoManager ReloadAssembly
Native extension for WindowsStandalone target not found
Native extension for WebGL target not found
Refreshing native plugins compatible for Editor in 0.22 ms, found 0 plugins.
Preloading 0 native plugins for Editor in 0.00 ms.
Mono: successfully reloaded assembly
- Completed reload, in  0.849 seconds
Platform modules already initialized, skipping
Refreshing native plugins compatible for Editor in 0.28 ms, found 0 plugins.
Preloading 0 native plugins for Editor in 0.00 ms.
Unloading 1149 Unused Serialized files (Serialized files now loaded: 0)
System memory in use before: 71.7 MB.
System memory in use after: 71.8 MB.

Unloading 4 unused Assets to reduce memory usage. Loaded Objects now: 1654.
Total: 1.773700 ms (FindLiveObjects: 0.248800 ms CreateObjectMapping: 0.040800 ms MarkObjects: 1.432200 ms  DeleteObjects: 0.051100 ms)

========================================================================
Received Import Request.
  Time since last request: 85.605266 seconds.
  path: Assets/Scripts/ChessLevel/player.cs
  artifactKey: Guid(2aace3c0348df114181c3651fcec0739) Importer(815301076,1909f56bfc062723c751e8b465ee728b)
Start importing Assets/Scripts/ChessLevel/player.cs using Guid(2aace3c0348df114181c3651fcec0739) Importer(815301076,1909f56bfc062723c751e8b465ee728b)  -> (artifact id: '6e9a1a7bc63e3d059efef9c07a416a06') in 0.009578 seconds
  Import took 0.017717 seconds .

========================================================================
Received Prepare
Registering precompiled user dll's ...
Registered in 0.000613 seconds.
Begin MonoManager ReloadAssembly
Native extension for WindowsStandalone target not found
Native extension for WebGL target not found
Refreshing native plugins compatible for Editor in 0.32 ms, found 0 plugins.
Preloading 0 native plugins for Editor in 0.00 ms.
Mono: successfully reloaded assembly
- Completed reload, in  0.876 seconds
Platform modules already initialized, skipping
Refreshing native plugins compatible for Editor in 0.26 ms, found 0 plugins.
Preloading 0 native plugins for Editor in 0.00 ms.
Unloading 1149 Unused Serialized files (Serialized files now loaded: 0)
System memory in use before: 71.7 MB.
System memory in use after: 71.8 MB.

Unloading 4 unused Assets to reduce memory usage. Loaded Objects now: 1657.
Total: 2.789800 ms (FindLiveObjects: 0.229800 ms CreateObjectMapping: 0.091100 ms MarkObjects: 2.442400 ms  DeleteObjects: 0.024400 ms)

========================================================================
Received Prepare
Registering precompiled user dll's ...
Registered in 0.000716 seconds.
Begin MonoManager ReloadAssembly
Native extension for WindowsStandalone target not found
Native extension for WebGL target not found
Refreshing native plugins compatible for Editor in 0.23 ms, found 0 plugins.
Preloading 0 native plugins for Editor in 0.00 ms.
Mono: successfully reloaded assembly
- Completed reload, in  0.965 seconds
Platform modules already initialized, skipping
Refreshing native plugins compatible for Editor in 0.24 ms, found 0 plugins.
Preloading 0 native plugins for Editor in 0.00 ms.
Unloading 1149 Unused Serialized files (Serialized files now loaded: 0)
System memory in use before: 71.7 MB.
System memory in use after: 71.8 MB.

Unloading 4 unused Assets to reduce memory usage. Loaded Objects now: 1660.
Total: 2.649300 ms (FindLiveObjects: 0.277100 ms CreateObjectMapping: 0.135500 ms MarkObjects: 2.193200 ms  DeleteObjects: 0.041600 ms)

========================================================================
Received Prepare
Registering precompiled user dll's ...
Registered in 0.000675 seconds.
Begin MonoManager ReloadAssembly
Native extension for WindowsStandalone target not found
Native extension for WebGL target not found
Refreshing native plugins compatible for Editor in 0.22 ms, found 0 plugins.
Preloading 0 native plugins for Editor in 0.00 ms.
Mono: successfully reloaded assembly
- Completed reload, in  0.840 seconds
Platform modules already initialized, skipping
Refreshing native plugins compatible for Editor in 0.37 ms, found 0 plugins.
Preloading 0 native plugins for Editor in 0.00 ms.
Unloading 1149 Unused Serialized files (Serialized files now loaded: 0)
System memory in use before: 71.7 MB.
System memory in use after: 71.8 MB.

Unloading 4 unused Assets to reduce memory usage. Loaded Objects now: 1663.
Total: 3.008400 ms (FindLiveObjects: 0.183800 ms CreateObjectMapping: 0.051800 ms MarkObjects: 2.752600 ms  DeleteObjects: 0.018500 ms)

========================================================================
Received Import Request.
  Time since last request: 366.742644 seconds.
  path: Assets/Scripts/ChessLevel/putGemonPedestal.cs
  artifactKey: Guid(ae5f04f15a5121f4c982329b7764ef87) Importer(815301076,1909f56bfc062723c751e8b465ee728b)
Start importing Assets/Scripts/ChessLevel/putGemonPedestal.cs using Guid(ae5f04f15a5121f4c982329b7764ef87) Importer(815301076,1909f56bfc062723c751e8b465ee728b)  -> (artifact id: '59aa711992039720a894ce119ce407d9') in 0.007814 seconds
  Import took 0.010798 seconds .

========================================================================
Received Prepare
Registering precompiled user dll's ...
Registered in 0.003770 seconds.
Begin MonoManager ReloadAssembly
Native extension for WindowsStandalone target not found
Native extension for WebGL target not found
Refreshing native plugins compatible for Editor in 0.33 ms, found 0 plugins.
Preloading 0 native plugins for Editor in 0.00 ms.
Mono: successfully reloaded assembly
- Completed reload, in  0.995 seconds
Platform modules already initialized, skipping
Refreshing native plugins compatible for Editor in 0.38 ms, found 0 plugins.
Preloading 0 native plugins for Editor in 0.00 ms.
Unloading 1149 Unused Serialized files (Serialized files now loaded: 0)
System memory in use before: 71.7 MB.
System memory in use after: 71.8 MB.

Unloading 4 unused Assets to reduce memory usage. Loaded Objects now: 1666.
Total: 2.575500 ms (FindLiveObjects: 0.227300 ms CreateObjectMapping: 0.060600 ms MarkObjects: 2.244300 ms  DeleteObjects: 0.041500 ms)

========================================================================
Received Prepare
Registering precompiled user dll's ...
Registered in 0.000583 seconds.
Begin MonoManager ReloadAssembly
Native extension for WindowsStandalone target not found
Native extension for WebGL target not found
Refreshing native plugins compatible for Editor in 0.22 ms, found 0 plugins.
Preloading 0 native plugins for Editor in 0.00 ms.
Mono: successfully reloaded assembly
- Completed reload, in  1.020 seconds
Platform modules already initialized, skipping
Refreshing native plugins compatible for Editor in 0.26 ms, found 0 plugins.
Preloading 0 native plugins for Editor in 0.00 ms.
Unloading 1149 Unused Serialized files (Serialized files now loaded: 0)
System memory in use before: 71.7 MB.
System memory in use after: 71.8 MB.

Unloading 4 unused Assets to reduce memory usage. Loaded Objects now: 1669.
Total: 4.361400 ms (FindLiveObjects: 0.338600 ms CreateObjectMapping: 0.077500 ms MarkObjects: 3.921400 ms  DeleteObjects: 0.021600 ms)

AssetImportWorkerClient::OnTransportError - code=2 error=End of file
